"blank"			"=========================="
"blank"			"#Valve_Movement_Title"
"blank"			"=========================="
"+forward"		"#Valve_Move_Forward"
"+back"			"#Valve_Move_Back"
"+moveleft"		"#Valve_Move_Left"
"+moveright"	"#Valve_Move_Right"
"+jump"			"#Valve_Jump"
"+duck"			"#Valve_Duck"
"blank"			"=========================="
"blank"			"#Valve_Communication_Title"
"blank"			"=========================="
"impulse 201"	"#Valve_Spray_Logo"
"+voicerecord"	"#Valve_Use_Voice_Communication"
"say"			"#Valve_Chat_Message"
"say_team"		"#Valve_Team_Message"
"voice_menu_1"	"#TF_Voice_Menu_A"
"voice_menu_2"	"#TF_Voice_Menu_B"
"voice_menu_3"	"#TF_Voice_Menu_C"
"+helpme"		"#TF_Call_For_Help"
"blank"			"=========================="
"blank"			"#TF_Title"
"blank"			"=========================="
"+inspect"					"#TF_Inspect"
"changeclass"				"#Valve_Change_Class"
"changeteam"				"#Valve_Change_Team"
"dropitem"					"#TF_DropFlag"
"+taunt"					"#TF_Taunt"
"+use_action_slot_item"		"#TF_Action"
"+context_action"			"#TF_Context_Action"
"player_ready_toggle"		"#TF_Player_ReadyToggle"
"blank"			"=========================="
"blank"			"#TF_Mod_Loadout"
"blank"			"=========================="
"open_charinfo_direct" 		"#TF_Open_Charinfo"
"open_charinfo_backpack" 	"#TF_Open_Charinfo_Backpack"
"+quickswitch"				"#TF_Quickswitch"
"load_itempreset 0"			"#TF_LoadPreset0"
"load_itempreset 1"			"#TF_LoadPreset1"
"load_itempreset 2"			"#TF_LoadPreset2"
"load_itempreset 3"			"#TF_LoadPreset3"
"blank"			"=========================="
"blank"			"#TF_Mod_Specific_Keys"
"blank"			"=========================="
"dropammo"		"#TF_Mod_DropAmmo"
"drophealth"	"#TF_Mod_DropHealth"
"+spywalk"		"#TF_Mod_SpyWalk"
"blank"			"=========================="
"blank"			"#TF_ClassSpecific_Keys"
"blank"			"=========================="
"lastdisguise"	"#TF_ClassSkill_Spy_LastDisguise"
"disguiseteam"	"#TF_ClassSkill_Spy_DisguiseTeam"
"blank"			"=========================="
"blank"			"#Valve_Combat_Title"
"blank"			"=========================="
"+attack"		"#Valve_Primary_Attack"
"+attack2"		"#Valve_Secondary_Attack"
"+attack3"		"#TF_Special_Attack"
"+reload"		"#Valve_Reload_Weapon"
"invprev"		"#Valve_Previous_Weapon"
"invnext"		"#Valve_Next_Weapon"
"lastinv"		"#Valve_Last_Weapon_Used"
"blank"			"=========================="
"blank"			"#TF_Mod_Weapon_Categories"
"blank"			"=========================="
"slot1"			"#Valve_Weapon_Category_1"
"slot2"			"#Valve_Weapon_Category_2"
"slot3" 		"#Valve_Weapon_Category_3"
"slot4"			"#Valve_Weapon_Category_4"
"slot5"			"#Valve_Weapon_Category_5"
"slot6"			"#Valve_Weapon_Category_6"
"slot7"			"#Valve_Weapon_Category_7"
"slot8"			"#Valve_Weapon_Category_8"
"slot9"			"#Valve_Weapon_Category_9"
"slot10"		"#Valve_Weapon_Category_0"
"blank"			"=========================="
"blank"			"#Valve_Miscellaneous_Title"
"blank"			"=========================="
"showmapinfo"	"#TF_MapInfo"
"callvote"		"#TF_call_vote"
"+showscores"	"#Valve_Display_Scores"
"screenshot"	"#Valve_Take_Screen_Shot"
"toggleconsole"	"#Valve_Console_Toggle"
"cl_trigger_first_notification" "#TF_Notification_Trigger"
"cl_decline_first_notification" "#TF_Notification_Decline"